<?xml version="1.0" encoding="UTF-8"?>
<testsuite name="testMarket"
           tests="1"
           failures="1"
           errors="0"
           skipped="0"
           time="3.682">
  <properties />
            <testcase name="testLogin" time="3.682" classname="com.market.uitest.focusPageTest">
                <failure type="java.lang.NoClassDefFoundError"
                  message="org/openqa/selenium/internal/HasIdentity"
              >
<![CDATA[java.lang.NoClassDefFoundError: org/openqa/selenium/internal/HasIdentity
  io.appium.java_client.android.internal.JsonToAndroidElementConverter.newMobileElement(JsonToAndroidElementConverter.java:31)
  io.appium.java_client.internal.JsonToMobileElementConverter.apply(JsonToMobileElementConverter.java:59)
  org.openqa.selenium.remote.RemoteWebDriver.execute(RemoteWebDriver.java:581)
  io.appium.java_client.DefaultGenericMobileDriver.execute(DefaultGenericMobileDriver.java:40)
  io.appium.java_client.AppiumDriver.execute(AppiumDriver.java:1)
  io.appium.java_client.android.AndroidDriver.execute(AndroidDriver.java:1)
  org.openqa.selenium.remote.RemoteWebDriver.findElement(RemoteWebDriver.java:352)
  io.appium.java_client.DefaultGenericMobileDriver.findElement(DefaultGenericMobileDriver.java:56)
  io.appium.java_client.AppiumDriver.findElement(AppiumDriver.java:1)
  io.appium.java_client.android.AndroidDriver.findElement(AndroidDriver.java:1)
  org.openqa.selenium.remote.RemoteWebDriver.findElementByXPath(RemoteWebDriver.java:449)
  io.appium.java_client.DefaultGenericMobileDriver.findElementByXPath(DefaultGenericMobileDriver.java:134)
  io.appium.java_client.AppiumDriver.findElementByXPath(AppiumDriver.java:1)
  io.appium.java_client.android.AndroidDriver.findElementByXPath(AndroidDriver.java:1)
  org.openqa.selenium.By$ByXPath.findElement(By.java:357)
  org.openqa.selenium.remote.RemoteWebDriver.findElement(RemoteWebDriver.java:344)
  io.appium.java_client.DefaultGenericMobileDriver.findElement(DefaultGenericMobileDriver.java:52)
  io.appium.java_client.AppiumDriver.findElement(AppiumDriver.java:1)
  io.appium.java_client.android.AndroidDriver.findElement(AndroidDriver.java:1)
  com.market.base.baseWidget.isElementExist(baseWidget.java:24)
  com.market.pages.homePages.focusPageCase.swipeFocus(focusPageCase.java:12)
  com.market.uitest.focusPageTest.testLogin(focusPageTest.java:29)
  sun.reflect.NativeMethodAccessorImpl.invoke0(Native Method)
  sun.reflect.NativeMethodAccessorImpl.invoke(NativeMethodAccessorImpl.java:62)
  sun.reflect.DelegatingMethodAccessorImpl.invoke(DelegatingMethodAccessorImpl.java:43)
  java.lang.reflect.Method.invoke(Method.java:497)
  org.testng.internal.MethodInvocationHelper.invokeMethod(MethodInvocationHelper.java:86)
  org.testng.internal.Invoker.invokeMethod(Invoker.java:643)
  org.testng.internal.Invoker.invokeTestMethod(Invoker.java:820)
  org.testng.internal.Invoker.invokeTestMethods(Invoker.java:1128)
  org.testng.internal.TestMethodWorker.invokeTestMethods(TestMethodWorker.java:129)
  org.testng.internal.TestMethodWorker.run(TestMethodWorker.java:112)
  org.testng.TestRunner.privateRun(TestRunner.java:782)
  org.testng.TestRunner.run(TestRunner.java:632)
  org.testng.SuiteRunner.runTest(SuiteRunner.java:366)
  org.testng.SuiteRunner.runSequentially(SuiteRunner.java:361)
  org.testng.SuiteRunner.privateRun(SuiteRunner.java:319)
  org.testng.SuiteRunner.run(SuiteRunner.java:268)
  org.testng.SuiteRunnerWorker.runSuite(SuiteRunnerWorker.java:52)
  org.testng.SuiteRunnerWorker.run(SuiteRunnerWorker.java:86)
  org.testng.TestNG.runSuitesSequentially(TestNG.java:1244)
  org.testng.TestNG.runSuitesLocally(TestNG.java:1169)
  org.testng.TestNG.run(TestNG.java:1064)
  org.testng.IDEARemoteTestNG.run(IDEARemoteTestNG.java:74)
  org.testng.RemoteTestNGStarter.main(RemoteTestNGStarter.java:121)
  sun.reflect.NativeMethodAccessorImpl.invoke0(Native Method)
  sun.reflect.NativeMethodAccessorImpl.invoke(NativeMethodAccessorImpl.java:62)
  sun.reflect.DelegatingMethodAccessorImpl.invoke(DelegatingMethodAccessorImpl.java:43)
  java.lang.reflect.Method.invoke(Method.java:497)
  com.intellij.rt.execution.application.AppMain.main(AppMain.java:144)
Caused by: java.lang.ClassNotFoundException: org.openqa.selenium.internal.HasIdentity
  java.net.URLClassLoader.findClass(URLClassLoader.java:381)
  java.lang.ClassLoader.loadClass(ClassLoader.java:424)
  sun.misc.Launcher$AppClassLoader.loadClass(Launcher.java:331)
  java.lang.ClassLoader.loadClass(ClassLoader.java:357)
  io.appium.java_client.android.internal.JsonToAndroidElementConverter.newMobileElement(JsonToAndroidElementConverter.java:31)
  io.appium.java_client.internal.JsonToMobileElementConverter.apply(JsonToMobileElementConverter.java:59)
  org.openqa.selenium.remote.RemoteWebDriver.execute(RemoteWebDriver.java:581)
  io.appium.java_client.DefaultGenericMobileDriver.execute(DefaultGenericMobileDriver.java:40)
  io.appium.java_client.AppiumDriver.execute(AppiumDriver.java:1)
  io.appium.java_client.android.AndroidDriver.execute(AndroidDriver.java:1)
  org.openqa.selenium.remote.RemoteWebDriver.findElement(RemoteWebDriver.java:352)
  io.appium.java_client.DefaultGenericMobileDriver.findElement(DefaultGenericMobileDriver.java:56)
  io.appium.java_client.AppiumDriver.findElement(AppiumDriver.java:1)
  io.appium.java_client.android.AndroidDriver.findElement(AndroidDriver.java:1)
  org.openqa.selenium.remote.RemoteWebDriver.findElementByXPath(RemoteWebDriver.java:449)
  io.appium.java_client.DefaultGenericMobileDriver.findElementByXPath(DefaultGenericMobileDriver.java:134)
  io.appium.java_client.AppiumDriver.findElementByXPath(AppiumDriver.java:1)
  io.appium.java_client.android.AndroidDriver.findElementByXPath(AndroidDriver.java:1)
  org.openqa.selenium.By$ByXPath.findElement(By.java:357)
  org.openqa.selenium.remote.RemoteWebDriver.findElement(RemoteWebDriver.java:344)
  io.appium.java_client.DefaultGenericMobileDriver.findElement(DefaultGenericMobileDriver.java:52)
  io.appium.java_client.AppiumDriver.findElement(AppiumDriver.java:1)
  io.appium.java_client.android.AndroidDriver.findElement(AndroidDriver.java:1)
  com.market.base.baseWidget.isElementExist(baseWidget.java:24)
  com.market.pages.homePages.focusPageCase.swipeFocus(focusPageCase.java:12)
  com.market.uitest.focusPageTest.testLogin(focusPageTest.java:29)
  sun.reflect.NativeMethodAccessorImpl.invoke0(Native Method)
  sun.reflect.NativeMethodAccessorImpl.invoke(NativeMethodAccessorImpl.java:62)
  sun.reflect.DelegatingMethodAccessorImpl.invoke(DelegatingMethodAccessorImpl.java:43)
  java.lang.reflect.Method.invoke(Method.java:497)
  org.testng.internal.MethodInvocationHelper.invokeMethod(MethodInvocationHelper.java:86)
  org.testng.internal.Invoker.invokeMethod(Invoker.java:643)
  org.testng.internal.Invoker.invokeTestMethod(Invoker.java:820)
  org.testng.internal.Invoker.invokeTestMethods(Invoker.java:1128)
  org.testng.internal.TestMethodWorker.invokeTestMethods(TestMethodWorker.java:129)
  org.testng.internal.TestMethodWorker.run(TestMethodWorker.java:112)
  org.testng.TestRunner.privateRun(TestRunner.java:782)
  org.testng.TestRunner.run(TestRunner.java:632)
  org.testng.SuiteRunner.runTest(SuiteRunner.java:366)
  org.testng.SuiteRunner.runSequentially(SuiteRunner.java:361)
  org.testng.SuiteRunner.privateRun(SuiteRunner.java:319)
  org.testng.SuiteRunner.run(SuiteRunner.java:268)
  org.testng.SuiteRunnerWorker.runSuite(SuiteRunnerWorker.java:52)
  org.testng.SuiteRunnerWorker.run(SuiteRunnerWorker.java:86)
  org.testng.TestNG.runSuitesSequentially(TestNG.java:1244)
  org.testng.TestNG.runSuitesLocally(TestNG.java:1169)
  org.testng.TestNG.run(TestNG.java:1064)
  org.testng.IDEARemoteTestNG.run(IDEARemoteTestNG.java:74)
  org.testng.RemoteTestNGStarter.main(RemoteTestNGStarter.java:121)
  sun.reflect.NativeMethodAccessorImpl.invoke0(Native Method)
  sun.reflect.NativeMethodAccessorImpl.invoke(NativeMethodAccessorImpl.java:62)
  sun.reflect.DelegatingMethodAccessorImpl.invoke(DelegatingMethodAccessorImpl.java:43)
  java.lang.reflect.Method.invoke(Method.java:497)
  com.intellij.rt.execution.application.AppMain.main(AppMain.java:144)
]]>
      </failure>

          </testcase>
  
  
  
</testsuite>
